
*** Running vivado
    with args -log wrapper.vdi -applog -m64 -product Vivado -messageDb vivado.pb -mode batch -source wrapper.tcl -notrace



****** Vivado v2020.2 (64-bit)
  **** SW Build 3064766 on Wed Nov 18 09:12:45 MST 2020
  **** IP Build 3064653 on Wed Nov 18 14:17:31 MST 2020
    ** Copyright 1986-2020 Xilinx, Inc. All Rights Reserved.

source wrapper.tcl -notrace
Command: link_design -top wrapper -part xc7z007sclg400-1
Design is defaulting to srcset: sources_1
Design is defaulting to constrset: constrs_1
INFO: [Device 21-403] Loading part xc7z007sclg400-1
Netlist sorting complete. Time (s): cpu = 00:00:00 ; elapsed = 00:00:00.001 . Memory (MB): peak = 1126.262 ; gain = 0.000
INFO: [Netlist 29-17] Analyzing 8 Unisim elements for replacement
INFO: [Netlist 29-28] Unisim Transformation completed in 0 CPU seconds
INFO: [Project 1-479] Netlist was created with Vivado 2020.2
INFO: [Project 1-570] Preparing netlist for logic optimization
Parsing XDC File [C:/Users/Chi-cheng Chuang/OneDrive/Classes/Spring 2021/E_E_214/Projects/project_5_task_1/project_5_task_1.srcs/constrs_1/new/controls.xdc]
Finished Parsing XDC File [C:/Users/Chi-cheng Chuang/OneDrive/Classes/Spring 2021/E_E_214/Projects/project_5_task_1/project_5_task_1.srcs/constrs_1/new/controls.xdc]
INFO: [Opt 31-138] Pushed 0 inverter(s) to 0 load pin(s).
Netlist sorting complete. Time (s): cpu = 00:00:00 ; elapsed = 00:00:00 . Memory (MB): peak = 1126.262 ; gain = 0.000
INFO: [Project 1-111] Unisim Transformation Summary:
No Unisim elements were transformed.

7 Infos, 0 Warnings, 0 Critical Warnings and 0 Errors encountered.
link_design completed successfully
link_design: Time (s): cpu = 00:00:06 ; elapsed = 00:00:07 . Memory (MB): peak = 1126.262 ; gain = 0.000
Command: opt_design
Attempting to get a license for feature 'Implementation' and/or device 'xc7z007s'
INFO: [Common 17-349] Got license for feature 'Implementation' and/or device 'xc7z007s'
Running DRC as a precondition to command opt_design

Starting DRC Task
INFO: [DRC 23-27] Running DRC with 2 threads
INFO: [Project 1-461] DRC finished with 0 Errors
INFO: [Project 1-462] Please refer to the DRC report (report_drc) for more information.

Time (s): cpu = 00:00:01 ; elapsed = 00:00:00.896 . Memory (MB): peak = 1126.262 ; gain = 0.000

Starting Cache Timing Information Task
INFO: [Timing 38-35] Done setting XDC timing constraints.
Ending Cache Timing Information Task | Checksum: 14af6305d

Time (s): cpu = 00:00:06 ; elapsed = 00:00:07 . Memory (MB): peak = 1546.543 ; gain = 420.281

Starting Logic Optimization Task

Phase 1 Retarget
INFO: [Opt 31-138] Pushed 0 inverter(s) to 0 load pin(s).
INFO: [Opt 31-49] Retargeted 0 cell(s).
Phase 1 Retarget | Checksum: 14af6305d

Time (s): cpu = 00:00:00 ; elapsed = 00:00:00.019 . Memory (MB): peak = 1756.594 ; gain = 0.000
INFO: [Opt 31-389] Phase Retarget created 0 cells and removed 0 cells

Phase 2 Constant propagation
INFO: [Opt 31-138] Pushed 0 inverter(s) to 0 load pin(s).
Phase 2 Constant propagation | Checksum: 14af6305d

Time (s): cpu = 00:00:00 ; elapsed = 00:00:00.021 . Memory (MB): peak = 1756.594 ; gain = 0.000
INFO: [Opt 31-389] Phase Constant propagation created 0 cells and removed 0 cells

Phase 3 Sweep
Phase 3 Sweep | Checksum: 174df7270

Time (s): cpu = 00:00:00 ; elapsed = 00:00:00.030 . Memory (MB): peak = 1756.594 ; gain = 0.000
INFO: [Opt 31-389] Phase Sweep created 0 cells and removed 0 cells

Phase 4 BUFG optimization
Phase 4 BUFG optimization | Checksum: 174df7270

Time (s): cpu = 00:00:00 ; elapsed = 00:00:00.035 . Memory (MB): peak = 1756.594 ; gain = 0.000
INFO: [Opt 31-662] Phase BUFG optimization created 0 cells of which 0 are BUFGs and removed 0 cells.

Phase 5 Shift Register Optimization
INFO: [Opt 31-1064] SRL Remap converted 0 SRLs to 0 registers and converted 0 registers of register chains to 0 SRLs
Phase 5 Shift Register Optimization | Checksum: 174df7270

Time (s): cpu = 00:00:00 ; elapsed = 00:00:00.037 . Memory (MB): peak = 1756.594 ; gain = 0.000
INFO: [Opt 31-389] Phase Shift Register Optimization created 0 cells and removed 0 cells

Phase 6 Post Processing Netlist
Phase 6 Post Processing Netlist | Checksum: 174df7270

Time (s): cpu = 00:00:00 ; elapsed = 00:00:00.039 . Memory (MB): peak = 1756.594 ; gain = 0.000
INFO: [Opt 31-389] Phase Post Processing Netlist created 0 cells and removed 0 cells
Opt_design Change Summary
=========================


-------------------------------------------------------------------------------------------------------------------------
|  Phase                        |  #Cells created  |  #Cells Removed  |  #Constrained objects preventing optimizations  |
-------------------------------------------------------------------------------------------------------------------------
|  Retarget                     |               0  |               0  |                                              0  |
|  Constant propagation         |               0  |               0  |                                              0  |
|  Sweep                        |               0  |               0  |                                              0  |
|  BUFG optimization            |               0  |               0  |                                              0  |
|  Shift Register Optimization  |               0  |               0  |                                              0  |
|  Post Processing Netlist      |               0  |               0  |                                              0  |
-------------------------------------------------------------------------------------------------------------------------



Starting Connectivity Check Task

Time (s): cpu = 00:00:00 ; elapsed = 00:00:00 . Memory (MB): peak = 1756.594 ; gain = 0.000
Ending Logic Optimization Task | Checksum: 236b623a7

Time (s): cpu = 00:00:00 ; elapsed = 00:00:00.044 . Memory (MB): peak = 1756.594 ; gain = 0.000

Starting Power Optimization Task
INFO: [Pwropt 34-132] Skipping clock gating for clocks with a period < 2.00 ns.
Ending Power Optimization Task | Checksum: 236b623a7

Time (s): cpu = 00:00:00 ; elapsed = 00:00:00.013 . Memory (MB): peak = 1756.594 ; gain = 0.000

Starting Final Cleanup Task
Ending Final Cleanup Task | Checksum: 236b623a7

Time (s): cpu = 00:00:00 ; elapsed = 00:00:00 . Memory (MB): peak = 1756.594 ; gain = 0.000

Starting Netlist Obfuscation Task
Netlist sorting complete. Time (s): cpu = 00:00:00 ; elapsed = 00:00:00.001 . Memory (MB): peak = 1756.594 ; gain = 0.000
Ending Netlist Obfuscation Task | Checksum: 236b623a7

Time (s): cpu = 00:00:00 ; elapsed = 00:00:00.001 . Memory (MB): peak = 1756.594 ; gain = 0.000
INFO: [Common 17-83] Releasing license: Implementation
24 Infos, 0 Warnings, 0 Critical Warnings and 0 Errors encountered.
opt_design completed successfully
opt_design: Time (s): cpu = 00:00:09 ; elapsed = 00:00:10 . Memory (MB): peak = 1756.594 ; gain = 630.332
INFO: [Timing 38-480] Writing timing data to binary archive.
Writing placer database...
Writing XDEF routing.
Writing XDEF routing logical nets.
Writing XDEF routing special nets.
Write XDEF Complete: Time (s): cpu = 00:00:00 ; elapsed = 00:00:00.043 . Memory (MB): peak = 1756.594 ; gain = 0.000
INFO: [Common 17-1381] The checkpoint 'C:/Users/Chi-cheng Chuang/OneDrive/Classes/Spring 2021/E_E_214/Projects/project_5_task_1/project_5_task_1.runs/impl_1/wrapper_opt.dcp' has been generated.
INFO: [runtcl-4] Executing : report_drc -file wrapper_drc_opted.rpt -pb wrapper_drc_opted.pb -rpx wrapper_drc_opted.rpx
Command: report_drc -file wrapper_drc_opted.rpt -pb wrapper_drc_opted.pb -rpx wrapper_drc_opted.rpx
INFO: [IP_Flow 19-234] Refreshing IP repositories
INFO: [IP_Flow 19-1704] No user IP repositories specified
INFO: [IP_Flow 19-2313] Loaded Vivado IP repository 'C:/Xilinx/Vivado/2020.2/data/ip'.
INFO: [Timing 38-35] Done setting XDC timing constraints.
INFO: [DRC 23-27] Running DRC with 2 threads
INFO: [Coretcl 2-168] The results of DRC are in file C:/Users/Chi-cheng Chuang/OneDrive/Classes/Spring 2021/E_E_214/Projects/project_5_task_1/project_5_task_1.runs/impl_1/wrapper_drc_opted.rpt.
report_drc completed successfully
Command: place_design
Attempting to get a license for feature 'Implementation' and/or device 'xc7z007s'
INFO: [Common 17-349] Got license for feature 'Implementation' and/or device 'xc7z007s'
INFO: [DRC 23-27] Running DRC with 2 threads
INFO: [Vivado_Tcl 4-198] DRC finished with 0 Errors
INFO: [Vivado_Tcl 4-199] Please refer to the DRC report (report_drc) for more information.
Running DRC as a precondition to command place_design
INFO: [DRC 23-27] Running DRC with 2 threads
INFO: [Vivado_Tcl 4-198] DRC finished with 0 Errors
INFO: [Vivado_Tcl 4-199] Please refer to the DRC report (report_drc) for more information.

Starting Placer Task
INFO: [Place 30-611] Multithreading enabled for place_design using a maximum of 2 CPUs

Phase 1 Placer Initialization

Phase 1.1 Placer Initialization Netlist Sorting
Netlist sorting complete. Time (s): cpu = 00:00:00 ; elapsed = 00:00:00 . Memory (MB): peak = 1803.242 ; gain = 0.000
Phase 1.1 Placer Initialization Netlist Sorting | Checksum: 1bae92743

Time (s): cpu = 00:00:00 ; elapsed = 00:00:00.011 . Memory (MB): peak = 1803.242 ; gain = 0.000
Netlist sorting complete. Time (s): cpu = 00:00:00 ; elapsed = 00:00:00 . Memory (MB): peak = 1803.242 ; gain = 0.000

Phase 1.2 IO Placement/ Clock Placement/ Build Placer Device
Phase 1.2 IO Placement/ Clock Placement/ Build Placer Device | Checksum: 1ce7f4a9a

Time (s): cpu = 00:00:00 ; elapsed = 00:00:00.129 . Memory (MB): peak = 1803.242 ; gain = 0.000

Phase 1.3 Build Placer Netlist Model
Phase 1.3 Build Placer Netlist Model | Checksum: 26efbd51d

Time (s): cpu = 00:00:00 ; elapsed = 00:00:00.222 . Memory (MB): peak = 1803.242 ; gain = 0.000

Phase 1.4 Constrain Clocks/Macros
Phase 1.4 Constrain Clocks/Macros | Checksum: 26efbd51d

Time (s): cpu = 00:00:00 ; elapsed = 00:00:00.225 . Memory (MB): peak = 1803.242 ; gain = 0.000
Phase 1 Placer Initialization | Checksum: 26efbd51d

Time (s): cpu = 00:00:00 ; elapsed = 00:00:00.233 . Memory (MB): peak = 1803.242 ; gain = 0.000

Phase 2 Global Placement

Phase 2.1 Floorplanning
Phase 2.1 Floorplanning | Checksum: 26efbd51d

Time (s): cpu = 00:00:00 ; elapsed = 00:00:00.244 . Memory (MB): peak = 1803.242 ; gain = 0.000

Phase 2.2 Update Timing before SLR Path Opt
Phase 2.2 Update Timing before SLR Path Opt | Checksum: 26efbd51d

Time (s): cpu = 00:00:00 ; elapsed = 00:00:00.244 . Memory (MB): peak = 1803.242 ; gain = 0.000

Phase 2.3 Global Placement Core
WARNING: [Place 46-29] place_design is not in timing mode. Skip physical synthesis in placer
Phase 2.3 Global Placement Core | Checksum: 2191c66c4

Time (s): cpu = 00:00:01 ; elapsed = 00:00:00.607 . Memory (MB): peak = 1803.242 ; gain = 0.000
Phase 2 Global Placement | Checksum: 2191c66c4

Time (s): cpu = 00:00:01 ; elapsed = 00:00:00.609 . Memory (MB): peak = 1803.242 ; gain = 0.000

Phase 3 Detail Placement

Phase 3.1 Commit Multi Column Macros
Phase 3.1 Commit Multi Column Macros | Checksum: 2191c66c4

Time (s): cpu = 00:00:01 ; elapsed = 00:00:00.611 . Memory (MB): peak = 1803.242 ; gain = 0.000

Phase 3.2 Commit Most Macros & LUTRAMs
Phase 3.2 Commit Most Macros & LUTRAMs | Checksum: 1359800cb

Time (s): cpu = 00:00:01 ; elapsed = 00:00:00.616 . Memory (MB): peak = 1803.242 ; gain = 0.000

Phase 3.3 Area Swap Optimization
Phase 3.3 Area Swap Optimization | Checksum: 1d6a2fafa

Time (s): cpu = 00:00:01 ; elapsed = 00:00:00.620 . Memory (MB): peak = 1803.242 ; gain = 0.000

Phase 3.4 Pipeline Register Optimization
Phase 3.4 Pipeline Register Optimization | Checksum: 1d6a2fafa

Time (s): cpu = 00:00:01 ; elapsed = 00:00:00.622 . Memory (MB): peak = 1803.242 ; gain = 0.000

Phase 3.5 Small Shape Detail Placement
Phase 3.5 Small Shape Detail Placement | Checksum: 219b35fa0

Time (s): cpu = 00:00:01 ; elapsed = 00:00:00.687 . Memory (MB): peak = 1803.242 ; gain = 0.000

Phase 3.6 Re-assign LUT pins
Phase 3.6 Re-assign LUT pins | Checksum: 219b35fa0

Time (s): cpu = 00:00:01 ; elapsed = 00:00:00.688 . Memory (MB): peak = 1803.242 ; gain = 0.000

Phase 3.7 Pipeline Register Optimization
Phase 3.7 Pipeline Register Optimization | Checksum: 219b35fa0

Time (s): cpu = 00:00:01 ; elapsed = 00:00:00.689 . Memory (MB): peak = 1803.242 ; gain = 0.000
Phase 3 Detail Placement | Checksum: 219b35fa0

Time (s): cpu = 00:00:01 ; elapsed = 00:00:00.689 . Memory (MB): peak = 1803.242 ; gain = 0.000

Phase 4 Post Placement Optimization and Clean-Up

Phase 4.1 Post Commit Optimization
Phase 4.1 Post Commit Optimization | Checksum: 219b35fa0

Time (s): cpu = 00:00:01 ; elapsed = 00:00:00.691 . Memory (MB): peak = 1803.242 ; gain = 0.000

Phase 4.2 Post Placement Cleanup
Phase 4.2 Post Placement Cleanup | Checksum: 219b35fa0

Time (s): cpu = 00:00:01 ; elapsed = 00:00:00.692 . Memory (MB): peak = 1803.242 ; gain = 0.000

Phase 4.3 Placer Reporting

Phase 4.3.1 Print Estimated Congestion
INFO: [Place 30-612] Post-Placement Estimated Congestion 
 ____________________________________________________
|           | Global Congestion | Short Congestion  |
| Direction | Region Size       | Region Size       |
|___________|___________________|___________________|
|      North|                1x1|                1x1|
|___________|___________________|___________________|
|      South|                1x1|                1x1|
|___________|___________________|___________________|
|       East|                1x1|                1x1|
|___________|___________________|___________________|
|       West|                1x1|                1x1|
|___________|___________________|___________________|

Phase 4.3.1 Print Estimated Congestion | Checksum: 219b35fa0

Time (s): cpu = 00:00:01 ; elapsed = 00:00:00.694 . Memory (MB): peak = 1803.242 ; gain = 0.000
Phase 4.3 Placer Reporting | Checksum: 219b35fa0

Time (s): cpu = 00:00:01 ; elapsed = 00:00:00.694 . Memory (MB): peak = 1803.242 ; gain = 0.000

Phase 4.4 Final Placement Cleanup
Netlist sorting complete. Time (s): cpu = 00:00:00 ; elapsed = 00:00:00 . Memory (MB): peak = 1803.242 ; gain = 0.000

Time (s): cpu = 00:00:01 ; elapsed = 00:00:00.695 . Memory (MB): peak = 1803.242 ; gain = 0.000
Phase 4 Post Placement Optimization and Clean-Up | Checksum: 219b35fa0

Time (s): cpu = 00:00:01 ; elapsed = 00:00:00.695 . Memory (MB): peak = 1803.242 ; gain = 0.000
Ending Placer Task | Checksum: 1cd23a16e

Time (s): cpu = 00:00:01 ; elapsed = 00:00:00.696 . Memory (MB): peak = 1803.242 ; gain = 0.000
INFO: [Common 17-83] Releasing license: Implementation
43 Infos, 1 Warnings, 0 Critical Warnings and 0 Errors encountered.
place_design completed successfully
INFO: [Timing 38-480] Writing timing data to binary archive.
Writing placer database...
Writing XDEF routing.
Writing XDEF routing logical nets.
Writing XDEF routing special nets.
Write XDEF Complete: Time (s): cpu = 00:00:00 ; elapsed = 00:00:00.044 . Memory (MB): peak = 1803.242 ; gain = 0.000
INFO: [Common 17-1381] The checkpoint 'C:/Users/Chi-cheng Chuang/OneDrive/Classes/Spring 2021/E_E_214/Projects/project_5_task_1/project_5_task_1.runs/impl_1/wrapper_placed.dcp' has been generated.
INFO: [runtcl-4] Executing : report_io -file wrapper_io_placed.rpt
report_io: Time (s): cpu = 00:00:00 ; elapsed = 00:00:00.043 . Memory (MB): peak = 1803.242 ; gain = 0.000
INFO: [runtcl-4] Executing : report_utilization -file wrapper_utilization_placed.rpt -pb wrapper_utilization_placed.pb
INFO: [runtcl-4] Executing : report_control_sets -verbose -file wrapper_control_sets_placed.rpt
report_control_sets: Time (s): cpu = 00:00:00 ; elapsed = 00:00:00.006 . Memory (MB): peak = 1803.242 ; gain = 0.000
Command: phys_opt_design
Attempting to get a license for feature 'Implementation' and/or device 'xc7z007s'
INFO: [Common 17-349] Got license for feature 'Implementation' and/or device 'xc7z007s'
INFO: [Timing 38-35] Done setting XDC timing constraints.
INFO: [Vivado_Tcl 4-383] Design worst setup slack (WNS) is greater than or equal to 0.000 ns. Skipping all physical synthesis optimizations.
INFO: [Vivado_Tcl 4-232] No setup violation found. The netlist was not modified.
INFO: [Common 17-83] Releasing license: Implementation
53 Infos, 1 Warnings, 0 Critical Warnings and 0 Errors encountered.
phys_opt_design completed successfully
INFO: [Timing 38-480] Writing timing data to binary archive.
Writing placer database...
Writing XDEF routing.
Writing XDEF routing logical nets.
Writing XDEF routing special nets.
Write XDEF Complete: Time (s): cpu = 00:00:00 ; elapsed = 00:00:00.043 . Memory (MB): peak = 1803.242 ; gain = 0.000
INFO: [Common 17-1381] The checkpoint 'C:/Users/Chi-cheng Chuang/OneDrive/Classes/Spring 2021/E_E_214/Projects/project_5_task_1/project_5_task_1.runs/impl_1/wrapper_physopt.dcp' has been generated.
Command: route_design
Attempting to get a license for feature 'Implementation' and/or device 'xc7z007s'
INFO: [Common 17-349] Got license for feature 'Implementation' and/or device 'xc7z007s'
Running DRC as a precondition to command route_design
INFO: [DRC 23-27] Running DRC with 2 threads
INFO: [Vivado_Tcl 4-198] DRC finished with 0 Errors
INFO: [Vivado_Tcl 4-199] Please refer to the DRC report (report_drc) for more information.


Starting Routing Task
INFO: [Route 35-254] Multithreading enabled for route_design using a maximum of 2 CPUs
Checksum: PlaceDB: d1badd07 ConstDB: 0 ShapeSum: fb68c467 RouteDB: 0

Phase 1 Build RT Design
Phase 1 Build RT Design | Checksum: 9e93d71d

Time (s): cpu = 00:00:10 ; elapsed = 00:00:10 . Memory (MB): peak = 1847.195 ; gain = 39.859
Post Restoration Checksum: NetGraph: 75b6a02b NumContArr: 28dd36f2 Constraints: 0 Timing: 0

Phase 2 Router Initialization

Phase 2.1 Create Timer
Phase 2.1 Create Timer | Checksum: 9e93d71d

Time (s): cpu = 00:00:10 ; elapsed = 00:00:10 . Memory (MB): peak = 1847.195 ; gain = 39.859

Phase 2.2 Fix Topology Constraints
Phase 2.2 Fix Topology Constraints | Checksum: 9e93d71d

Time (s): cpu = 00:00:10 ; elapsed = 00:00:10 . Memory (MB): peak = 1853.238 ; gain = 45.902

Phase 2.3 Pre Route Cleanup
Phase 2.3 Pre Route Cleanup | Checksum: 9e93d71d

Time (s): cpu = 00:00:10 ; elapsed = 00:00:10 . Memory (MB): peak = 1853.238 ; gain = 45.902
 Number of Nodes with overlaps = 0

Phase 2.4 Update Timing
Phase 2.4 Update Timing | Checksum: dcac86d6

Time (s): cpu = 00:00:10 ; elapsed = 00:00:10 . Memory (MB): peak = 1856.273 ; gain = 48.938
INFO: [Route 35-416] Intermediate Timing Summary | WNS=7.330  | TNS=0.000  | WHS=0.003  | THS=0.000  |

Phase 2 Router Initialization | Checksum: 15d500c93

Time (s): cpu = 00:00:10 ; elapsed = 00:00:10 . Memory (MB): peak = 1856.273 ; gain = 48.938

Router Utilization Summary
  Global Vertical Routing Utilization    = 0 %
  Global Horizontal Routing Utilization  = 0 %
  Routable Net Status*
  *Does not include unroutable nets such as driverless and loadless.
  Run report_route_status for detailed report.
  Number of Failed Nets               = 51
    (Failed Nets is the sum of unrouted and partially routed nets)
  Number of Unrouted Nets             = 51
  Number of Partially Routed Nets     = 0
  Number of Node Overlaps             = 0


Phase 3 Initial Routing

Phase 3.1 Global Routing
Phase 3.1 Global Routing | Checksum: 15d500c93

Time (s): cpu = 00:00:10 ; elapsed = 00:00:10 . Memory (MB): peak = 1856.273 ; gain = 48.938
Phase 3 Initial Routing | Checksum: 21734fb30

Time (s): cpu = 00:00:10 ; elapsed = 00:00:10 . Memory (MB): peak = 1856.273 ; gain = 48.938

Phase 4 Rip-up And Reroute

Phase 4.1 Global Iteration 0
 Number of Nodes with overlaps = 0
INFO: [Route 35-416] Intermediate Timing Summary | WNS=7.141  | TNS=0.000  | WHS=N/A    | THS=N/A    |

Phase 4.1 Global Iteration 0 | Checksum: 1bc157141

Time (s): cpu = 00:00:10 ; elapsed = 00:00:10 . Memory (MB): peak = 1856.273 ; gain = 48.938
Phase 4 Rip-up And Reroute | Checksum: 1bc157141

Time (s): cpu = 00:00:10 ; elapsed = 00:00:10 . Memory (MB): peak = 1856.273 ; gain = 48.938

Phase 5 Delay and Skew Optimization

Phase 5.1 Delay CleanUp
Phase 5.1 Delay CleanUp | Checksum: 1bc157141

Time (s): cpu = 00:00:10 ; elapsed = 00:00:10 . Memory (MB): peak = 1856.273 ; gain = 48.938

Phase 5.2 Clock Skew Optimization
Phase 5.2 Clock Skew Optimization | Checksum: 1bc157141

Time (s): cpu = 00:00:10 ; elapsed = 00:00:10 . Memory (MB): peak = 1856.273 ; gain = 48.938
Phase 5 Delay and Skew Optimization | Checksum: 1bc157141

Time (s): cpu = 00:00:10 ; elapsed = 00:00:10 . Memory (MB): peak = 1856.273 ; gain = 48.938

Phase 6 Post Hold Fix

Phase 6.1 Hold Fix Iter

Phase 6.1.1 Update Timing
Phase 6.1.1 Update Timing | Checksum: 21e60adad

Time (s): cpu = 00:00:10 ; elapsed = 00:00:10 . Memory (MB): peak = 1856.273 ; gain = 48.938
INFO: [Route 35-416] Intermediate Timing Summary | WNS=7.294  | TNS=0.000  | WHS=0.295  | THS=0.000  |

Phase 6.1 Hold Fix Iter | Checksum: 1983ddfbc

Time (s): cpu = 00:00:10 ; elapsed = 00:00:10 . Memory (MB): peak = 1856.273 ; gain = 48.938
Phase 6 Post Hold Fix | Checksum: 1983ddfbc

Time (s): cpu = 00:00:10 ; elapsed = 00:00:10 . Memory (MB): peak = 1856.273 ; gain = 48.938

Phase 7 Route finalize

Router Utilization Summary
  Global Vertical Routing Utilization    = 0.0430743 %
  Global Horizontal Routing Utilization  = 0.0358456 %
  Routable Net Status*
  *Does not include unroutable nets such as driverless and loadless.
  Run report_route_status for detailed report.
  Number of Failed Nets               = 0
    (Failed Nets is the sum of unrouted and partially routed nets)
  Number of Unrouted Nets             = 0
  Number of Partially Routed Nets     = 0
  Number of Node Overlaps             = 0

Phase 7 Route finalize | Checksum: 1983ddfbc

Time (s): cpu = 00:00:10 ; elapsed = 00:00:10 . Memory (MB): peak = 1856.273 ; gain = 48.938

Phase 8 Verifying routed nets

 Verification completed successfully
Phase 8 Verifying routed nets | Checksum: 1983ddfbc

Time (s): cpu = 00:00:10 ; elapsed = 00:00:10 . Memory (MB): peak = 1857.172 ; gain = 49.836

Phase 9 Depositing Routes
Phase 9 Depositing Routes | Checksum: 1b8ba0ec8

Time (s): cpu = 00:00:10 ; elapsed = 00:00:10 . Memory (MB): peak = 1857.172 ; gain = 49.836

Phase 10 Post Router Timing
INFO: [Route 35-57] Estimated Timing Summary | WNS=7.294  | TNS=0.000  | WHS=0.295  | THS=0.000  |

INFO: [Route 35-327] The final timing numbers are based on the router estimated timing analysis. For a complete and accurate timing signoff, please run report_timing_summary.
Phase 10 Post Router Timing | Checksum: 1b8ba0ec8

Time (s): cpu = 00:00:10 ; elapsed = 00:00:10 . Memory (MB): peak = 1857.172 ; gain = 49.836
INFO: [Route 35-16] Router Completed Successfully

Time (s): cpu = 00:00:10 ; elapsed = 00:00:10 . Memory (MB): peak = 1857.172 ; gain = 49.836

Routing Is Done.
INFO: [Common 17-83] Releasing license: Implementation
67 Infos, 1 Warnings, 0 Critical Warnings and 0 Errors encountered.
route_design completed successfully
route_design: Time (s): cpu = 00:00:11 ; elapsed = 00:00:11 . Memory (MB): peak = 1857.172 ; gain = 53.930
INFO: [Timing 38-480] Writing timing data to binary archive.
Writing placer database...
Writing XDEF routing.
Writing XDEF routing logical nets.
Writing XDEF routing special nets.
Write XDEF Complete: Time (s): cpu = 00:00:01 ; elapsed = 00:00:00.043 . Memory (MB): peak = 1867.043 ; gain = 9.871
INFO: [Common 17-1381] The checkpoint 'C:/Users/Chi-cheng Chuang/OneDrive/Classes/Spring 2021/E_E_214/Projects/project_5_task_1/project_5_task_1.runs/impl_1/wrapper_routed.dcp' has been generated.
INFO: [runtcl-4] Executing : report_drc -file wrapper_drc_routed.rpt -pb wrapper_drc_routed.pb -rpx wrapper_drc_routed.rpx
Command: report_drc -file wrapper_drc_routed.rpt -pb wrapper_drc_routed.pb -rpx wrapper_drc_routed.rpx
INFO: [IP_Flow 19-1839] IP Catalog is up to date.
INFO: [DRC 23-27] Running DRC with 2 threads
INFO: [Coretcl 2-168] The results of DRC are in file C:/Users/Chi-cheng Chuang/OneDrive/Classes/Spring 2021/E_E_214/Projects/project_5_task_1/project_5_task_1.runs/impl_1/wrapper_drc_routed.rpt.
report_drc completed successfully
INFO: [runtcl-4] Executing : report_methodology -file wrapper_methodology_drc_routed.rpt -pb wrapper_methodology_drc_routed.pb -rpx wrapper_methodology_drc_routed.rpx
Command: report_methodology -file wrapper_methodology_drc_routed.rpt -pb wrapper_methodology_drc_routed.pb -rpx wrapper_methodology_drc_routed.rpx
INFO: [Timing 38-35] Done setting XDC timing constraints.
INFO: [DRC 23-133] Running Methodology with 2 threads
INFO: [Coretcl 2-1520] The results of Report Methodology are in file C:/Users/Chi-cheng Chuang/OneDrive/Classes/Spring 2021/E_E_214/Projects/project_5_task_1/project_5_task_1.runs/impl_1/wrapper_methodology_drc_routed.rpt.
report_methodology completed successfully
INFO: [runtcl-4] Executing : report_power -file wrapper_power_routed.rpt -pb wrapper_power_summary_routed.pb -rpx wrapper_power_routed.rpx
Command: report_power -file wrapper_power_routed.rpt -pb wrapper_power_summary_routed.pb -rpx wrapper_power_routed.rpx
INFO: [Timing 38-35] Done setting XDC timing constraints.
Running Vector-less Activity Propagation...

Finished Running Vector-less Activity Propagation
79 Infos, 1 Warnings, 0 Critical Warnings and 0 Errors encountered.
report_power completed successfully
INFO: [runtcl-4] Executing : report_route_status -file wrapper_route_status.rpt -pb wrapper_route_status.pb
INFO: [runtcl-4] Executing : report_timing_summary -max_paths 10 -file wrapper_timing_summary_routed.rpt -pb wrapper_timing_summary_routed.pb -rpx wrapper_timing_summary_routed.rpx -warn_on_violation 
INFO: [Timing 38-91] UpdateTimingParams: Speed grade: -1, Delay Type: min_max.
INFO: [Timing 38-191] Multithreading enabled for timing update using a maximum of 2 CPUs
INFO: [runtcl-4] Executing : report_incremental_reuse -file wrapper_incremental_reuse_routed.rpt
INFO: [Vivado_Tcl 4-1062] Incremental flow is disabled. No incremental reuse Info to report.
INFO: [runtcl-4] Executing : report_clock_utilization -file wrapper_clock_utilization_routed.rpt
INFO: [runtcl-4] Executing : report_bus_skew -warn_on_violation -file wrapper_bus_skew_routed.rpt -pb wrapper_bus_skew_routed.pb -rpx wrapper_bus_skew_routed.rpx
INFO: [Timing 38-91] UpdateTimingParams: Speed grade: -1, Delay Type: min_max.
INFO: [Timing 38-191] Multithreading enabled for timing update using a maximum of 2 CPUs
INFO: [Common 17-206] Exiting Vivado at Wed Apr  7 13:05:27 2021...

*** Running vivado
    with args -log wrapper.vdi -applog -m64 -product Vivado -messageDb vivado.pb -mode batch -source wrapper.tcl -notrace



****** Vivado v2020.2 (64-bit)
  **** SW Build 3064766 on Wed Nov 18 09:12:45 MST 2020
  **** IP Build 3064653 on Wed Nov 18 14:17:31 MST 2020
    ** Copyright 1986-2020 Xilinx, Inc. All Rights Reserved.

source wrapper.tcl -notrace
Command: open_checkpoint wrapper_routed.dcp

Starting open_checkpoint Task

Time (s): cpu = 00:00:00 ; elapsed = 00:00:00.036 . Memory (MB): peak = 1126.176 ; gain = 0.000
INFO: [Device 21-403] Loading part xc7z007sclg400-1
Netlist sorting complete. Time (s): cpu = 00:00:00 ; elapsed = 00:00:00 . Memory (MB): peak = 1126.176 ; gain = 0.000
INFO: [Netlist 29-17] Analyzing 8 Unisim elements for replacement
INFO: [Netlist 29-28] Unisim Transformation completed in 0 CPU seconds
INFO: [Project 1-479] Netlist was created with Vivado 2020.2
INFO: [Project 1-570] Preparing netlist for logic optimization
INFO: [Timing 38-478] Restoring timing data from binary archive.
INFO: [Timing 38-479] Binary timing data restore complete.
INFO: [Project 1-856] Restoring constraints from binary archive.
INFO: [Project 1-853] Binary constraint restore complete.
Reading XDEF placement.
Reading placer database...
Reading XDEF routing.
Read XDEF File: Time (s): cpu = 00:00:00 ; elapsed = 00:00:00.099 . Memory (MB): peak = 1543.289 ; gain = 8.984
Restored from archive | CPU: 0.000000 secs | Memory: 0.000000 MB |
Finished XDEF File Restore: Time (s): cpu = 00:00:00 ; elapsed = 00:00:00.099 . Memory (MB): peak = 1543.289 ; gain = 8.984
Netlist sorting complete. Time (s): cpu = 00:00:00 ; elapsed = 00:00:00 . Memory (MB): peak = 1543.289 ; gain = 0.000
INFO: [Project 1-111] Unisim Transformation Summary:
No Unisim elements were transformed.

INFO: [Project 1-604] Checkpoint was created with Vivado v2020.2 (64-bit) build 3064766
open_checkpoint: Time (s): cpu = 00:00:14 ; elapsed = 00:00:16 . Memory (MB): peak = 1543.289 ; gain = 417.113
Command: write_bitstream -force wrapper.bit
Attempting to get a license for feature 'Implementation' and/or device 'xc7z007s'
INFO: [Common 17-349] Got license for feature 'Implementation' and/or device 'xc7z007s'
Running DRC as a precondition to command write_bitstream
INFO: [IP_Flow 19-234] Refreshing IP repositories
INFO: [IP_Flow 19-1704] No user IP repositories specified
INFO: [IP_Flow 19-2313] Loaded Vivado IP repository 'C:/Xilinx/Vivado/2020.2/data/ip'.
INFO: [DRC 23-27] Running DRC with 2 threads
WARNING: [DRC ZPS7-1] PS7 block required: The PS7 cell must be used in this Zynq design in order to enable correct default configuration.
INFO: [Vivado 12-3199] DRC finished with 0 Errors, 1 Warnings
INFO: [Vivado 12-3200] Please refer to the DRC report (report_drc) for more information.
INFO: [Designutils 20-2272] Running write_bitstream with 2 threads.
Loading data files...
Loading site data...
Loading route data...
Processing options...
Creating bitmap...
Creating bitstream...
Writing bitstream ./wrapper.bit...
INFO: [Vivado 12-1842] Bitgen Completed Successfully.
INFO: [Project 1-120] WebTalk data collection is mandatory when using a WebPACK part without a full Vivado license. To see the specific WebTalk data collected for your design, open the usage_statistics_webtalk.html or usage_statistics_webtalk.xml file in the implementation directory.
Access is denied.
Access is denied.
INFO: [Common 17-83] Releasing license: Implementation
22 Infos, 1 Warnings, 0 Critical Warnings and 0 Errors encountered.
write_bitstream completed successfully
write_bitstream: Time (s): cpu = 00:00:09 ; elapsed = 00:00:10 . Memory (MB): peak = 2015.508 ; gain = 472.219
INFO: [Common 17-206] Exiting Vivado at Wed Apr  7 13:06:14 2021...
